2022-09-21 16:01:42,123 [Worker-4: Loading available Gradle versions] INFO  o.e.b.c.i.u.g.PublishedGradleVersions - Gradle version information cache is up-to-date. Trying to read.
2022-09-21 16:02:46,076 [Worker-9: Building] INFO  o.e.m.c.i.l.LifecycleMappingFactory - Using org.eclipse.m2e.jdt.JarLifecycleMapping lifecycle mapping for MavenProject: com.example:bicycles:0.0.1-SNAPSHOT @ C:\Users\sergi\eclipse-workspace\bicycles\pom.xml.
2022-09-21 16:02:47,601 [Worker-9: Building] INFO  o.e.m.c.i.embedder.EclipseLogger - Using 'UTF-8' encoding to copy filtered resources.
2022-09-21 16:02:47,601 [Worker-9: Building] INFO  o.e.m.c.i.embedder.EclipseLogger - Using 'UTF-8' encoding to copy filtered properties files.
2022-09-21 16:02:47,606 [Worker-9: Building] INFO  o.e.m.c.i.embedder.EclipseLogger - Copying 1 resource
2022-09-21 16:02:47,659 [Worker-9: Building] INFO  o.e.m.c.i.embedder.EclipseLogger - Copying 0 resource
2022-09-21 16:02:47,664 [Worker-9: Building] INFO  o.e.m.c.i.embedder.EclipseLogger - Using 'UTF-8' encoding to copy filtered resources.
2022-09-21 16:02:47,664 [Worker-9: Building] INFO  o.e.m.c.i.embedder.EclipseLogger - Using 'UTF-8' encoding to copy filtered properties files.
2022-09-21 16:02:47,664 [Worker-9: Building] INFO  o.e.m.c.i.embedder.EclipseLogger - skip non existing resourceDirectory C:\Users\sergi\eclipse-workspace\bicycles\src\test\resources
2022-09-21 16:02:49,339 [Worker-4: Building] INFO  o.e.m.c.i.embedder.EclipseLogger - Using 'UTF-8' encoding to copy filtered resources.
2022-09-21 16:02:49,339 [Worker-4: Building] INFO  o.e.m.c.i.embedder.EclipseLogger - Using 'UTF-8' encoding to copy filtered properties files.
2022-09-21 16:02:49,342 [Worker-4: Building] INFO  o.e.m.c.i.embedder.EclipseLogger - Copying 1 resource
2022-09-21 16:02:49,346 [Worker-4: Building] INFO  o.e.m.c.i.embedder.EclipseLogger - Copying 0 resource
2022-09-21 16:02:49,348 [Worker-4: Building] INFO  o.e.m.c.i.embedder.EclipseLogger - Using 'UTF-8' encoding to copy filtered resources.
2022-09-21 16:02:49,349 [Worker-4: Building] INFO  o.e.m.c.i.embedder.EclipseLogger - Using 'UTF-8' encoding to copy filtered properties files.
2022-09-21 16:02:49,349 [Worker-4: Building] INFO  o.e.m.c.i.embedder.EclipseLogger - skip non existing resourceDirectory C:\Users\sergi\eclipse-workspace\bicycles\src\test\resources
2022-09-21 16:34:07,733 [Worker-0: Loading available Gradle versions] INFO  o.e.b.c.i.u.g.PublishedGradleVersions - Gradle version information cache is up-to-date. Trying to read.
2022-09-21 16:34:10,173 [Worker-3: Updating Maven Dependencies] INFO  o.e.m.c.i.l.LifecycleMappingFactory - Using org.eclipse.m2e.jdt.JarLifecycleMapping lifecycle mapping for MavenProject: com.example:bicycles:0.0.1-SNAPSHOT @ C:\Users\sergi\Desktop\PGL\PACTYC\backend\pom.xml.
2022-09-21 16:34:45,395 [Worker-9: Launching backend - BicyclesApplication] INFO  o.e.m.c.i.embedder.EclipseLogger - Using 'UTF-8' encoding to copy filtered resources.
2022-09-21 16:34:45,396 [Worker-9: Launching backend - BicyclesApplication] INFO  o.e.m.c.i.embedder.EclipseLogger - Using 'UTF-8' encoding to copy filtered properties files.
2022-09-21 16:34:45,399 [Worker-9: Launching backend - BicyclesApplication] INFO  o.e.m.c.i.embedder.EclipseLogger - Copying 1 resource
2022-09-21 16:34:45,413 [Worker-9: Launching backend - BicyclesApplication] INFO  o.e.m.c.i.embedder.EclipseLogger - Copying 0 resource
2022-09-21 16:34:45,418 [Worker-9: Launching backend - BicyclesApplication] INFO  o.e.m.c.i.embedder.EclipseLogger - Using 'UTF-8' encoding to copy filtered resources.
2022-09-21 16:34:45,418 [Worker-9: Launching backend - BicyclesApplication] INFO  o.e.m.c.i.embedder.EclipseLogger - Using 'UTF-8' encoding to copy filtered properties files.
2022-09-21 16:34:45,418 [Worker-9: Launching backend - BicyclesApplication] INFO  o.e.m.c.i.embedder.EclipseLogger - skip non existing resourceDirectory C:\Users\sergi\Desktop\PGL\PACTYC\backend\src\test\resources
2022-09-21 17:14:44,348 [Worker-13: Launching backend - BicyclesApplication] INFO  o.e.m.c.i.embedder.EclipseLogger - Using 'UTF-8' encoding to copy filtered resources.
2022-09-21 17:14:44,348 [Worker-13: Launching backend - BicyclesApplication] INFO  o.e.m.c.i.embedder.EclipseLogger - Using 'UTF-8' encoding to copy filtered properties files.
2022-09-21 17:14:44,350 [Worker-13: Launching backend - BicyclesApplication] INFO  o.e.m.c.i.embedder.EclipseLogger - Copying 1 resource
2022-09-21 17:14:44,409 [Worker-13: Launching backend - BicyclesApplication] INFO  o.e.m.c.i.embedder.EclipseLogger - Using 'UTF-8' encoding to copy filtered resources.
2022-09-21 17:14:44,411 [Worker-13: Launching backend - BicyclesApplication] INFO  o.e.m.c.i.embedder.EclipseLogger - Using 'UTF-8' encoding to copy filtered properties files.
2022-09-21 17:14:44,411 [Worker-13: Launching backend - BicyclesApplication] INFO  o.e.m.c.i.embedder.EclipseLogger - skip non existing resourceDirectory C:\Users\sergi\Desktop\PGL\PACTYC\backend\src\test\resources
2022-09-22 19:16:33,067 [Worker-1: Loading available Gradle versions] INFO  o.e.b.c.i.u.g.PublishedGradleVersions - Gradle version information cache is out-of-date. Trying to update.
2022-09-22 19:19:14,287 [Worker-10: Launching backend - BicyclesApplication] INFO  o.e.m.c.i.embedder.EclipseLogger - Using 'UTF-8' encoding to copy filtered resources.
2022-09-22 19:19:14,289 [Worker-10: Launching backend - BicyclesApplication] INFO  o.e.m.c.i.embedder.EclipseLogger - Using 'UTF-8' encoding to copy filtered properties files.
2022-09-22 19:19:14,293 [Worker-10: Launching backend - BicyclesApplication] INFO  o.e.m.c.i.embedder.EclipseLogger - Copying 1 resource
2022-09-22 19:19:14,307 [Worker-10: Launching backend - BicyclesApplication] INFO  o.e.m.c.i.embedder.EclipseLogger - Copying 0 resource
2022-09-22 19:19:14,311 [Worker-10: Launching backend - BicyclesApplication] INFO  o.e.m.c.i.embedder.EclipseLogger - Using 'UTF-8' encoding to copy filtered resources.
2022-09-22 19:19:14,311 [Worker-10: Launching backend - BicyclesApplication] INFO  o.e.m.c.i.embedder.EclipseLogger - Using 'UTF-8' encoding to copy filtered properties files.
2022-09-22 19:19:14,311 [Worker-10: Launching backend - BicyclesApplication] INFO  o.e.m.c.i.embedder.EclipseLogger - skip non existing resourceDirectory C:\Users\sergi\Desktop\PGL\PACTYC\backend\src\test\resources
2022-09-22 20:12:48,473 [Worker-22: Launching backend - BicyclesApplication] INFO  o.e.m.c.i.embedder.EclipseLogger - Using 'UTF-8' encoding to copy filtered resources.
2022-09-22 20:12:48,474 [Worker-22: Launching backend - BicyclesApplication] INFO  o.e.m.c.i.embedder.EclipseLogger - Using 'UTF-8' encoding to copy filtered properties files.
2022-09-22 20:12:48,476 [Worker-22: Launching backend - BicyclesApplication] INFO  o.e.m.c.i.embedder.EclipseLogger - Copying 1 resource
2022-09-22 20:12:48,483 [Worker-22: Launching backend - BicyclesApplication] INFO  o.e.m.c.i.embedder.EclipseLogger - Copying 0 resource
2022-09-22 20:12:48,486 [Worker-22: Launching backend - BicyclesApplication] INFO  o.e.m.c.i.embedder.EclipseLogger - Using 'UTF-8' encoding to copy filtered resources.
2022-09-22 20:12:48,486 [Worker-22: Launching backend - BicyclesApplication] INFO  o.e.m.c.i.embedder.EclipseLogger - Using 'UTF-8' encoding to copy filtered properties files.
2022-09-22 20:12:48,486 [Worker-22: Launching backend - BicyclesApplication] INFO  o.e.m.c.i.embedder.EclipseLogger - skip non existing resourceDirectory C:\Users\sergi\Desktop\PGL\PACTYC\backend\src\test\resources
2022-09-22 20:20:45,451 [Worker-29: Launching backend - BicyclesApplication] INFO  o.e.m.c.i.embedder.EclipseLogger - Using 'UTF-8' encoding to copy filtered resources.
2022-09-22 20:20:45,451 [Worker-29: Launching backend - BicyclesApplication] INFO  o.e.m.c.i.embedder.EclipseLogger - Using 'UTF-8' encoding to copy filtered properties files.
2022-09-22 20:20:45,452 [Worker-29: Launching backend - BicyclesApplication] INFO  o.e.m.c.i.embedder.EclipseLogger - Copying 1 resource
2022-09-22 20:20:45,469 [Worker-29: Launching backend - BicyclesApplication] INFO  o.e.m.c.i.embedder.EclipseLogger - Copying 0 resource
2022-09-22 20:20:45,473 [Worker-29: Launching backend - BicyclesApplication] INFO  o.e.m.c.i.embedder.EclipseLogger - Using 'UTF-8' encoding to copy filtered resources.
2022-09-22 20:20:45,473 [Worker-29: Launching backend - BicyclesApplication] INFO  o.e.m.c.i.embedder.EclipseLogger - Using 'UTF-8' encoding to copy filtered properties files.
2022-09-22 20:20:45,473 [Worker-29: Launching backend - BicyclesApplication] INFO  o.e.m.c.i.embedder.EclipseLogger - skip non existing resourceDirectory C:\Users\sergi\Desktop\PGL\PACTYC\backend\src\test\resources
2022-09-22 20:25:29,078 [Worker-31: Launching backend - BicyclesApplication] INFO  o.e.m.c.i.embedder.EclipseLogger - Using 'UTF-8' encoding to copy filtered resources.
2022-09-22 20:25:29,078 [Worker-31: Launching backend - BicyclesApplication] INFO  o.e.m.c.i.embedder.EclipseLogger - Using 'UTF-8' encoding to copy filtered properties files.
2022-09-22 20:25:29,079 [Worker-31: Launching backend - BicyclesApplication] INFO  o.e.m.c.i.embedder.EclipseLogger - Copying 1 resource
2022-09-22 20:25:29,109 [Worker-31: Launching backend - BicyclesApplication] INFO  o.e.m.c.i.embedder.EclipseLogger - Copying 0 resource
2022-09-22 20:25:29,113 [Worker-31: Launching backend - BicyclesApplication] INFO  o.e.m.c.i.embedder.EclipseLogger - Using 'UTF-8' encoding to copy filtered resources.
2022-09-22 20:25:29,113 [Worker-31: Launching backend - BicyclesApplication] INFO  o.e.m.c.i.embedder.EclipseLogger - Using 'UTF-8' encoding to copy filtered properties files.
2022-09-22 20:25:29,113 [Worker-31: Launching backend - BicyclesApplication] INFO  o.e.m.c.i.embedder.EclipseLogger - skip non existing resourceDirectory C:\Users\sergi\Desktop\PGL\PACTYC\backend\src\test\resources
2022-09-22 20:27:21,829 [Worker-28: Launching backend - BicyclesApplication] INFO  o.e.m.c.i.embedder.EclipseLogger - Using 'UTF-8' encoding to copy filtered resources.
2022-09-22 20:27:21,829 [Worker-28: Launching backend - BicyclesApplication] INFO  o.e.m.c.i.embedder.EclipseLogger - Using 'UTF-8' encoding to copy filtered properties files.
2022-09-22 20:27:21,830 [Worker-28: Launching backend - BicyclesApplication] INFO  o.e.m.c.i.embedder.EclipseLogger - Copying 1 resource
2022-09-22 20:27:21,838 [Worker-28: Launching backend - BicyclesApplication] INFO  o.e.m.c.i.embedder.EclipseLogger - Copying 0 resource
2022-09-22 20:27:21,841 [Worker-28: Launching backend - BicyclesApplication] INFO  o.e.m.c.i.embedder.EclipseLogger - Using 'UTF-8' encoding to copy filtered resources.
2022-09-22 20:27:21,841 [Worker-28: Launching backend - BicyclesApplication] INFO  o.e.m.c.i.embedder.EclipseLogger - Using 'UTF-8' encoding to copy filtered properties files.
2022-09-22 20:27:21,841 [Worker-28: Launching backend - BicyclesApplication] INFO  o.e.m.c.i.embedder.EclipseLogger - skip non existing resourceDirectory C:\Users\sergi\Desktop\PGL\PACTYC\backend\src\test\resources
2022-09-22 20:33:13,332 [Worker-40: Launching backend - BicyclesApplication] INFO  o.e.m.c.i.embedder.EclipseLogger - Using 'UTF-8' encoding to copy filtered resources.
2022-09-22 20:33:13,333 [Worker-40: Launching backend - BicyclesApplication] INFO  o.e.m.c.i.embedder.EclipseLogger - Using 'UTF-8' encoding to copy filtered properties files.
2022-09-22 20:33:13,333 [Worker-40: Launching backend - BicyclesApplication] INFO  o.e.m.c.i.embedder.EclipseLogger - Copying 1 resource
2022-09-22 20:33:13,339 [Worker-40: Launching backend - BicyclesApplication] INFO  o.e.m.c.i.embedder.EclipseLogger - Copying 0 resource
2022-09-22 20:33:13,341 [Worker-40: Launching backend - BicyclesApplication] INFO  o.e.m.c.i.embedder.EclipseLogger - Using 'UTF-8' encoding to copy filtered resources.
2022-09-22 20:33:13,341 [Worker-40: Launching backend - BicyclesApplication] INFO  o.e.m.c.i.embedder.EclipseLogger - Using 'UTF-8' encoding to copy filtered properties files.
2022-09-22 20:33:13,342 [Worker-40: Launching backend - BicyclesApplication] INFO  o.e.m.c.i.embedder.EclipseLogger - skip non existing resourceDirectory C:\Users\sergi\Desktop\PGL\PACTYC\backend\src\test\resources
